<?xml version="1.0" encoding="UTF-8"?>
<!-- Generated by org.testng.reporters.JUnitReportReporter -->
<testsuite hostname="DESKTOP-UM6LR8M" name="com.Testng.TeSTNG" tests="3" failures="0" timestamp="8 Oct 2017 04:01:33 GMT" time="0.007" errors="0">
  <testcase name="loginapplication" time="0.004" classname="com.Testng.TeSTNG"/>
  <testcase name="verifyhomepage" time="0.002" classname="com.Testng.TeSTNG"/>
  <testcase name="logoutapplicatiin" time="0.001" classname="com.Testng.TeSTNG"/>
</testsuite> <!-- com.Testng.TeSTNG -->
