<?xml version="1.0" encoding="UTF-8"?>
<!-- Generated by org.testng.reporters.JUnitReportReporter -->
<testsuite skipped="0" hostname="DESKTOP-UM6LR8M" name="com.TestScript.LoginModule" tests="1" failures="0" timestamp="08 Oct 2017 05:33:52 GMT" time="52.499" errors="0">
  <testcase name="loginapplication" time="52.499" classname="com.TestScript.LoginModule"/>
</testsuite> <!-- com.TestScript.LoginModule -->
