<?xml version="1.0" encoding="UTF-8"?>
<!-- Generated by org.testng.reporters.JUnitReportReporter -->
<testsuite hostname="DESKTOP-UM6LR8M" name="com.Testng.SampleTest" tests="1" failures="0" timestamp="8 Oct 2017 03:23:50 GMT" time="0.010" errors="0">
  <testcase name="sampleTestngExample" time="0.010" classname="com.Testng.SampleTest"/>
</testsuite> <!-- com.Testng.SampleTest -->
